[1027/203307.584:ERROR:directory_reader_win.cc(43)] FindFirstFile: Системе не удается найти указанный путь. (0x3)
[1028/113509.739:ERROR:directory_reader_win.cc(43)] FindFirstFile: Системе не удается найти указанный путь. (0x3)
[1029/084608.881:ERROR:directory_reader_win.cc(43)] FindFirstFile: Системе не удается найти указанный путь. (0x3)
[1104/095434.212:ERROR:directory_reader_win.cc(43)] FindFirstFile: Системе не удается найти указанный путь. (0x3)
[1113/184411.307:ERROR:directory_reader_win.cc(43)] FindFirstFile: Системе не удается найти указанный путь. (0x3)
[1124/192340.344:ERROR:directory_reader_win.cc(43)] FindFirstFile: Системе не удается найти указанный путь. (0x3)
[1124/225221.289:ERROR:directory_reader_win.cc(43)] FindFirstFile: Системе не удается найти указанный путь. (0x3)
[1125/122101.854:ERROR:directory_reader_win.cc(43)] FindFirstFile: Системе не удается найти указанный путь. (0x3)
[1218/102117.897:ERROR:directory_reader_win.cc(43)] FindFirstFile: Системе не удается найти указанный путь. (0x3)
[1230/214012.433:ERROR:directory_reader_win.cc(43)] FindFirstFile: Системе не удается найти указанный путь. (0x3)
[0110/152551.008:ERROR:directory_reader_win.cc(43)] FindFirstFile: Системе не удается найти указанный путь. (0x3)
[0110/163108.358:ERROR:process_memory_win.cc(73)] ReadMemory at 0x1db0f2cfc00 of 72 bytes failed: Запрос ReadProcessMemory или WriteProcessMemory был выполнен только частично. (0x12B)
[0110/163108.832:WARNING:pe_image_annotations_reader.cc(135)] could not read annotations list object in C:\Program Files\Google\Chrome\Application\87.0.4280.66\chrome_elf.dll
[0110/163108.833:ERROR:process_memory_win.cc(73)] ReadMemory at 0x1db0f3184f0 of 72 bytes failed: Запрос ReadProcessMemory или WriteProcessMemory был выполнен только частично. (0x12B)
[0110/163108.833:WARNING:pe_image_annotations_reader.cc(135)] could not read annotations list object in C:\Program Files\Google\Chrome\Application\87.0.4280.66\chrome.dll
[0110/163108.840:ERROR:process_memory_win.cc(73)] ReadMemory at 0x1db0f2cfc00 of 72 bytes failed: Запрос ReadProcessMemory или WriteProcessMemory был выполнен только частично. (0x12B)
[0110/163108.841:WARNING:pe_image_annotations_reader.cc(135)] could not read annotations list object in C:\Program Files\Google\Chrome\Application\87.0.4280.66\chrome_elf.dll
[0110/163108.841:ERROR:process_memory_win.cc(73)] ReadMemory at 0x1db0f3184f0 of 72 bytes failed: Запрос ReadProcessMemory или WriteProcessMemory был выполнен только частично. (0x12B)
[0110/163108.841:WARNING:pe_image_annotations_reader.cc(135)] could not read annotations list object in C:\Program Files\Google\Chrome\Application\87.0.4280.66\chrome.dll
[0110/163108.844:ERROR:process_memory_win.cc(73)] ReadMemory at 0x1db0f2cfc00 of 72 bytes failed: Запрос ReadProcessMemory или WriteProcessMemory был выполнен только частично. (0x12B)
[0110/163108.845:WARNING:pe_image_annotations_reader.cc(135)] could not read annotations list object in C:\Program Files\Google\Chrome\Application\87.0.4280.66\chrome_elf.dll
[0110/163108.845:ERROR:process_memory_win.cc(73)] ReadMemory at 0x1db0f3184f0 of 72 bytes failed: Запрос ReadProcessMemory или WriteProcessMemory был выполнен только частично. (0x12B)
[0110/163108.846:WARNING:pe_image_annotations_reader.cc(135)] could not read annotations list object in C:\Program Files\Google\Chrome\Application\87.0.4280.66\chrome.dll
[0110/163109.204:ERROR:process_memory_win.cc(73)] ReadMemory at 0x331ebe9000 of 94208 bytes failed: Запрос ReadProcessMemory или WriteProcessMemory был выполнен только частично. (0x12B)
[0110/163109.274:ERROR:process_memory_win.cc(73)] ReadMemory at 0x331f3fe000 of 8192 bytes failed: Запрос ReadProcessMemory или WriteProcessMemory был выполнен только частично. (0x12B)
[0110/163109.274:ERROR:process_memory_win.cc(73)] ReadMemory at 0x33203fe000 of 8192 bytes failed: Запрос ReadProcessMemory или WriteProcessMemory был выполнен только частично. (0x12B)
[0110/163109.275:ERROR:process_memory_win.cc(73)] ReadMemory at 0x3320bfc000 of 16384 bytes failed: Запрос ReadProcessMemory или WriteProcessMemory был выполнен только частично. (0x12B)
[0110/163109.488:ERROR:process_memory_win.cc(73)] ReadMemory at 0x3321bfe000 of 8192 bytes failed: Запрос ReadProcessMemory или WriteProcessMemory был выполнен только частично. (0x12B)
[0110/163109.488:ERROR:process_memory_win.cc(73)] ReadMemory at 0x33223fe000 of 8192 bytes failed: Запрос ReadProcessMemory или WriteProcessMemory был выполнен только частично. (0x12B)
[0110/163109.488:ERROR:process_memory_win.cc(73)] ReadMemory at 0x3322bfc000 of 16384 bytes failed: Запрос ReadProcessMemory или WriteProcessMemory был выполнен только частично. (0x12B)
[0110/163109.488:ERROR:process_memory_win.cc(73)] ReadMemory at 0x3323bfe000 of 8192 bytes failed: Запрос ReadProcessMemory или WriteProcessMemory был выполнен только частично. (0x12B)
[0110/163109.488:ERROR:process_memory_win.cc(73)] ReadMemory at 0x33243fc000 of 16384 bytes failed: Запрос ReadProcessMemory или WriteProcessMemory был выполнен только частично. (0x12B)
[0110/163109.488:ERROR:process_memory_win.cc(73)] ReadMemory at 0x3324bfc000 of 16384 bytes failed: Запрос ReadProcessMemory или WriteProcessMemory был выполнен только частично. (0x12B)
[0110/163109.489:ERROR:process_memory_win.cc(73)] ReadMemory at 0x33253fc000 of 16384 bytes failed: Запрос ReadProcessMemory или WriteProcessMemory был выполнен только частично. (0x12B)
[0110/163109.489:ERROR:process_memory_win.cc(73)] ReadMemory at 0x331fbfe000 of 8192 bytes failed: Запрос ReadProcessMemory или WriteProcessMemory был выполнен только частично. (0x12B)
[0110/163109.489:ERROR:process_memory_win.cc(73)] ReadMemory at 0x33213f6000 of 40960 bytes failed: Запрос ReadProcessMemory или WriteProcessMemory был выполнен только частично. (0x12B)
[0110/163109.489:ERROR:process_memory_win.cc(73)] ReadMemory at 0x33233fd000 of 12288 bytes failed: Запрос ReadProcessMemory или WriteProcessMemory был выполнен только частично. (0x12B)
[0110/163109.489:ERROR:process_memory_win.cc(73)] ReadMemory at 0x3325bfc000 of 16384 bytes failed: Запрос ReadProcessMemory или WriteProcessMemory был выполнен только частично. (0x12B)
[0110/163109.489:ERROR:process_memory_win.cc(73)] ReadMemory at 0x33263ff000 of 4096 bytes failed: Запрос ReadProcessMemory или WriteProcessMemory был выполнен только частично. (0x12B)
[0110/163109.489:ERROR:process_memory_win.cc(73)] ReadMemory at 0x331e35c000 of 852 bytes failed: Запрос ReadProcessMemory или WriteProcessMemory был выполнен только частично. (0x12B)
[0110/163109.514:ERROR:process_memory_win.cc(73)] ReadMemory at 0x331e35d000 of 6024 bytes failed: Запрос ReadProcessMemory или WriteProcessMemory был выполнен только частично. (0x12B)
[0110/163109.557:ERROR:process_memory_win.cc(73)] ReadMemory at 0x331e35f000 of 6024 bytes failed: Запрос ReadProcessMemory или WriteProcessMemory был выполнен только частично. (0x12B)
[0110/163109.557:ERROR:process_memory_win.cc(73)] ReadMemory at 0x331e363000 of 6024 bytes failed: Запрос ReadProcessMemory или WriteProcessMemory был выполнен только частично. (0x12B)
[0110/163109.557:ERROR:process_memory_win.cc(73)] ReadMemory at 0x331e365000 of 6024 bytes failed: Запрос ReadProcessMemory или WriteProcessMemory был выполнен только частично. (0x12B)
[0110/163109.557:ERROR:process_memory_win.cc(73)] ReadMemory at 0x331e369000 of 6024 bytes failed: Запрос ReadProcessMemory или WriteProcessMemory был выполнен только частично. (0x12B)
[0110/163109.557:ERROR:process_memory_win.cc(73)] ReadMemory at 0x331e36b000 of 6024 bytes failed: Запрос ReadProcessMemory или WriteProcessMemory был выполнен только частично. (0x12B)
[0110/163109.557:ERROR:process_memory_win.cc(73)] ReadMemory at 0x331e36d000 of 6024 bytes failed: Запрос ReadProcessMemory или WriteProcessMemory был выполнен только частично. (0x12B)
[0110/163109.558:ERROR:process_memory_win.cc(73)] ReadMemory at 0x331e371000 of 6024 bytes failed: Запрос ReadProcessMemory или WriteProcessMemory был выполнен только частично. (0x12B)
[0110/163109.558:ERROR:process_memory_win.cc(73)] ReadMemory at 0x331e373000 of 6024 bytes failed: Запрос ReadProcessMemory или WriteProcessMemory был выполнен только частично. (0x12B)
[0110/163109.558:ERROR:process_memory_win.cc(73)] ReadMemory at 0x331e375000 of 6024 bytes failed: Запрос ReadProcessMemory или WriteProcessMemory был выполнен только частично. (0x12B)
[0110/163109.558:ERROR:process_memory_win.cc(73)] ReadMemory at 0x331e377000 of 6024 bytes failed: Запрос ReadProcessMemory или WriteProcessMemory был выполнен только частично. (0x12B)
[0110/163109.558:ERROR:process_memory_win.cc(73)] ReadMemory at 0x331e37b000 of 6024 bytes failed: Запрос ReadProcessMemory или WriteProcessMemory был выполнен только частично. (0x12B)
[0110/163109.558:ERROR:process_memory_win.cc(73)] ReadMemory at 0x331e391000 of 6024 bytes failed: Запрос ReadProcessMemory или WriteProcessMemory был выполнен только частично. (0x12B)
[0110/163109.558:ERROR:process_memory_win.cc(73)] ReadMemory at 0x331e395000 of 6024 bytes failed: Запрос ReadProcessMemory или WriteProcessMemory был выполнен только частично. (0x12B)
[0110/163109.558:ERROR:process_memory_win.cc(73)] ReadMemory at 0x331e397000 of 6024 bytes failed: Запрос ReadProcessMemory или WriteProcessMemory был выполнен только частично. (0x12B)
[0110/163109.559:ERROR:process_memory_win.cc(73)] ReadMemory at 0x331e399000 of 6024 bytes failed: Запрос ReadProcessMemory или WriteProcessMemory был выполнен только частично. (0x12B)
[0110/163109.559:ERROR:process_memory_win.cc(73)] ReadMemory at 0x1db0f2c0fe0 of 18836 bytes failed: Запрос ReadProcessMemory или WriteProcessMemory был выполнен только частично. (0x12B)
[0110/163109.559:ERROR:process_memory_win.cc(73)] ReadMemory at 0x1db0f2c5980 of 1012 bytes failed: Запрос ReadProcessMemory или WriteProcessMemory был выполнен только частично. (0x12B)
[0110/163109.559:ERROR:process_memory_win.cc(73)] ReadMemory at 0x1db0f2c5fc8 of 106 bytes failed: Запрос ReadProcessMemory или WriteProcessMemory был выполнен только частично. (0x12B)
[0110/163109.559:ERROR:process_memory_win.cc(73)] ReadMemory at 0x1db0f2c6034 of 700 bytes failed: Запрос ReadProcessMemory или WriteProcessMemory был выполнен только частично. (0x12B)
[0110/163109.559:ERROR:process_memory_win.cc(73)] ReadMemory at 0x1db0f2c62f2 of 106 bytes failed: Запрос ReadProcessMemory или WriteProcessMemory был выполнен только частично. (0x12B)
[0110/163109.560:ERROR:process_memory_win.cc(73)] ReadMemory at 0x1db0f2c635e of 96 bytes failed: Запрос ReadProcessMemory или WriteProcessMemory был выполнен только частично. (0x12B)
[0110/163109.560:ERROR:process_memory_win.cc(73)] ReadMemory at 0x1db0f2c63d0 of 58 bytes failed: Запрос ReadProcessMemory или WriteProcessMemory был выполнен только частично. (0x12B)
[0110/163109.560:ERROR:process_memory_win.cc(73)] ReadMemory at 0x1db0f2c64d0 of 132 bytes failed: Запрос ReadProcessMemory или WriteProcessMemory был выполнен только частично. (0x12B)
[0110/163109.560:ERROR:process_memory_win.cc(73)] ReadMemory at 0x1db0f2c6660 of 132 bytes failed: Запрос ReadProcessMemory или WriteProcessMemory был выполнен только частично. (0x12B)
[0110/163109.560:ERROR:process_memory_win.cc(73)] ReadMemory at 0x1db0f2c6820 of 112 bytes failed: Запрос ReadProcessMemory или WriteProcessMemory был выполнен только частично. (0x12B)
[0110/163109.560:ERROR:process_memory_win.cc(73)] ReadMemory at 0x1db0f2c6d20 of 132 bytes failed: Запрос ReadProcessMemory или WriteProcessMemory был выполнен только частично. (0x12B)
[0110/163109.560:ERROR:process_memory_win.cc(73)] ReadMemory at 0x1db0f2c6eb0 of 64 bytes failed: Запрос ReadProcessMemory или WriteProcessMemory был выполнен только частично. (0x12B)
[0110/163109.560:ERROR:process_memory_win.cc(73)] ReadMemory at 0x1db0f2c7060 of 132 bytes failed: Запрос ReadProcessMemory или WriteProcessMemory был выполнен только частично. (0x12B)
[0110/163109.560:ERROR:process_memory_win.cc(73)] ReadMemory at 0x1db0f2c7330 of 132 bytes failed: Запрос ReadProcessMemory или WriteProcessMemory был выполнен только частично. (0x12B)
[0110/163109.560:ERROR:process_memory_win.cc(73)] ReadMemory at 0x1db0f2c74c0 of 68 bytes failed: Запрос ReadProcessMemory или WriteProcessMemory был выполнен только частично. (0x12B)
[0110/163109.577:ERROR:process_memory_win.cc(73)] ReadMemory at 0x1db0f2c8570 of 132 bytes failed: Запрос ReadProcessMemory или WriteProcessMemory был выполнен только частично. (0x12B)
[0110/163109.577:ERROR:process_memory_win.cc(73)] ReadMemory at 0x1db0f2c86a0 of 140 bytes failed: Запрос ReadProcessMemory или WriteProcessMemory был выполнен только частично. (0x12B)
[0110/163109.694:ERROR:process_memory_win.cc(73)] ReadMemory at 0x1db0f2c93f0 of 132 bytes failed: Запрос ReadProcessMemory или WriteProcessMemory был выполнен только частично. (0x12B)
[0110/163109.694:ERROR:process_memory_win.cc(73)] ReadMemory at 0x1db0f2c9580 of 60 bytes failed: Запрос ReadProcessMemory или WriteProcessMemory был выполнен только частично. (0x12B)
[0110/163109.694:ERROR:process_memory_win.cc(73)] ReadMemory at 0x1db0f2c9ea0 of 62 bytes failed: Запрос ReadProcessMemory или WriteProcessMemory был выполнен только частично. (0x12B)
[0110/163109.694:ERROR:process_memory_win.cc(73)] ReadMemory at 0x1db0f2ddf80 of 132 bytes failed: Запрос ReadProcessMemory или WriteProcessMemory был выполнен только частично. (0x12B)
[0110/163109.695:ERROR:process_memory_win.cc(73)] ReadMemory at 0x1db0f2de4c0 of 132 bytes failed: Запрос ReadProcessMemory или WriteProcessMemory был выполнен только частично. (0x12B)
[0110/163109.695:ERROR:process_memory_win.cc(73)] ReadMemory at 0x1db0f2de8e0 of 80 bytes failed: Запрос ReadProcessMemory или WriteProcessMemory был выполнен только частично. (0x12B)
[0110/163109.695:ERROR:process_memory_win.cc(73)] ReadMemory at 0x1db0f2df1e0 of 80 bytes failed: Запрос ReadProcessMemory или WriteProcessMemory был выполнен только частично. (0x12B)
[0110/163109.695:ERROR:process_memory_win.cc(73)] ReadMemory at 0x1db0f2df730 of 132 bytes failed: Запрос ReadProcessMemory или WriteProcessMemory был выполнен только частично. (0x12B)
[0110/163109.695:ERROR:process_memory_win.cc(73)] ReadMemory at 0x1db0f2df860 of 132 bytes failed: Запрос ReadProcessMemory или WriteProcessMemory был выполнен только частично. (0x12B)
[0110/163109.695:ERROR:process_memory_win.cc(73)] ReadMemory at 0x1db0f2df990 of 132 bytes failed: Запрос ReadProcessMemory или WriteProcessMemory был выполнен только частично. (0x12B)
[0110/163109.695:ERROR:process_memory_win.cc(73)] ReadMemory at 0x1db0f2dfac0 of 132 bytes failed: Запрос ReadProcessMemory или WriteProcessMemory был выполнен только частично. (0x12B)
[0110/163109.695:ERROR:process_memory_win.cc(73)] ReadMemory at 0x1db0f2dfbf0 of 132 bytes failed: Запрос ReadProcessMemory или WriteProcessMemory был выполнен только частично. (0x12B)
[0110/163109.695:ERROR:process_memory_win.cc(73)] ReadMemory at 0x1db0f2dfd20 of 132 bytes failed: Запрос ReadProcessMemory или WriteProcessMemory был выполнен только частично. (0x12B)
[0110/163109.695:ERROR:process_memory_win.cc(73)] ReadMemory at 0x1db0f2dfe50 of 132 bytes failed: Запрос ReadProcessMemory или WriteProcessMemory был выполнен только частично. (0x12B)
[0110/163109.695:ERROR:process_memory_win.cc(73)] ReadMemory at 0x1db0f2dff80 of 132 bytes failed: Запрос ReadProcessMemory или WriteProcessMemory был выполнен только частично. (0x12B)
[0110/163109.696:ERROR:process_memory_win.cc(73)] ReadMemory at 0x1db0f2e00b0 of 132 bytes failed: Запрос ReadProcessMemory или WriteProcessMemory был выполнен только частично. (0x12B)
[0110/163109.696:ERROR:process_memory_win.cc(73)] ReadMemory at 0x1db0f2e01e0 of 132 bytes failed: Запрос ReadProcessMemory или WriteProcessMemory был выполнен только частично. (0x12B)
[0110/163109.696:ERROR:process_memory_win.cc(73)] ReadMemory at 0x1db0f2e0310 of 132 bytes failed: Запрос ReadProcessMemory или WriteProcessMemory был выполнен только частично. (0x12B)
[0110/163109.696:ERROR:process_memory_win.cc(73)] ReadMemory at 0x1db0f2e0440 of 132 bytes failed: Запрос ReadProcessMemory или WriteProcessMemory был выполнен только частично. (0x12B)
[0110/163109.696:ERROR:process_memory_win.cc(73)] ReadMemory at 0x1db0f2e0570 of 132 bytes failed: Запрос ReadProcessMemory или WriteProcessMemory был выполнен только частично. (0x12B)
[0110/163109.696:ERROR:process_memory_win.cc(73)] ReadMemory at 0x1db0f2e5c30 of 62 bytes failed: Запрос ReadProcessMemory или WriteProcessMemory был выполнен только частично. (0x12B)
[0110/163109.696:ERROR:process_memory_win.cc(73)] ReadMemory at 0x1db0f2e5c80 of 60 bytes failed: Запрос ReadProcessMemory или WriteProcessMemory был выполнен только частично. (0x12B)
[0110/163109.696:ERROR:process_memory_win.cc(73)] ReadMemory at 0x1db0f2e5cd0 of 62 bytes failed: Запрос ReadProcessMemory или WriteProcessMemory был выполнен только частично. (0x12B)
[0110/163109.697:ERROR:process_memory_win.cc(73)] ReadMemory at 0x1db0f2e5d70 of 62 bytes failed: Запрос ReadProcessMemory или WriteProcessMemory был выполнен только частично. (0x12B)
[0110/163109.697:ERROR:process_memory_win.cc(73)] ReadMemory at 0x1db0f2e5e60 of 62 bytes failed: Запрос ReadProcessMemory или WriteProcessMemory был выполнен только частично. (0x12B)
[0110/163109.697:ERROR:process_memory_win.cc(73)] ReadMemory at 0x1db0f2e5f00 of 64 bytes failed: Запрос ReadProcessMemory или WriteProcessMemory был выполнен только частично. (0x12B)
[0110/163109.697:ERROR:process_memory_win.cc(73)] ReadMemory at 0x1db0f2e5f50 of 62 bytes failed: Запрос ReadProcessMemory или WriteProcessMemory был выполнен только частично. (0x12B)
[0110/163109.697:ERROR:process_memory_win.cc(73)] ReadMemory at 0x1db0f2e5fa0 of 64 bytes failed: Запрос ReadProcessMemory или WriteProcessMemory был выполнен только частично. (0x12B)
[0110/163109.697:ERROR:process_memory_win.cc(73)] ReadMemory at 0x1db0f2e60e0 of 58 bytes failed: Запрос ReadProcessMemory или WriteProcessMemory был выполнен только частично. (0x12B)
[0110/163109.697:ERROR:process_memory_win.cc(73)] ReadMemory at 0x1db0f2e6180 of 64 bytes failed: Запрос ReadProcessMemory или WriteProcessMemory был выполнен только частично. (0x12B)
[0110/163109.697:ERROR:process_memory_win.cc(73)] ReadMemory at 0x1db0f2e6220 of 64 bytes failed: Запрос ReadProcessMemory или WriteProcessMemory был выполнен только частично. (0x12B)
[0110/163109.697:ERROR:process_memory_win.cc(73)] ReadMemory at 0x1db0f2e6270 of 62 bytes failed: Запрос ReadProcessMemory или WriteProcessMemory был выполнен только частично. (0x12B)
[0110/163109.697:ERROR:process_memory_win.cc(73)] ReadMemory at 0x1db0f2e6310 of 62 bytes failed: Запрос ReadProcessMemory или WriteProcessMemory был выполнен только частично. (0x12B)
[0110/163109.697:ERROR:process_memory_win.cc(73)] ReadMemory at 0x1db0f2e6540 of 64 bytes failed: Запрос ReadProcessMemory или WriteProcessMemory был выполнен только частично. (0x12B)
[0110/163109.724:ERROR:process_memory_win.cc(73)] ReadMemory at 0x1db0f2e6590 of 62 bytes failed: Запрос ReadProcessMemory или WriteProcessMemory был выполнен только частично. (0x12B)
[0110/163109.724:ERROR:process_memory_win.cc(73)] ReadMemory at 0x1db0f2e6720 of 62 bytes failed: Запрос ReadProcessMemory или WriteProcessMemory был выполнен только частично. (0x12B)
[0110/163109.724:ERROR:process_memory_win.cc(73)] ReadMemory at 0x1db0f2e6860 of 60 bytes failed: Запрос ReadProcessMemory или WriteProcessMemory был выполнен только частично. (0x12B)
[0110/163109.724:ERROR:process_memory_win.cc(73)] ReadMemory at 0x1db0f2e6950 of 60 bytes failed: Запрос ReadProcessMemory или WriteProcessMemory был выполнен только частично. (0x12B)
[0110/163109.724:ERROR:process_memory_win.cc(73)] ReadMemory at 0x1db0f2e6ae0 of 64 bytes failed: Запрос ReadProcessMemory или WriteProcessMemory был выполнен только частично. (0x12B)
[0110/163109.725:ERROR:process_memory_win.cc(73)] ReadMemory at 0x1db0f2e6b30 of 64 bytes failed: Запрос ReadProcessMemory или WriteProcessMemory был выполнен только частично. (0x12B)
[0110/163109.725:ERROR:process_memory_win.cc(73)] ReadMemory at 0x1db0f2e6b80 of 66 bytes failed: Запрос ReadProcessMemory или WriteProcessMemory был выполнен только частично. (0x12B)
[0110/163109.725:ERROR:process_memory_win.cc(73)] ReadMemory at 0x1db0f2e6cd0 of 132 bytes failed: Запрос ReadProcessMemory или WriteProcessMemory был выполнен только частично. (0x12B)
[0110/163109.725:ERROR:process_memory_win.cc(73)] ReadMemory at 0x1db0f2e6e00 of 132 bytes failed: Запрос ReadProcessMemory или WriteProcessMemory был выполнен только частично. (0x12B)
[0110/163109.725:ERROR:process_memory_win.cc(73)] ReadMemory at 0x1db0f2e7bc0 of 132 bytes failed: Запрос ReadProcessMemory или WriteProcessMemory был выполнен только частично. (0x12B)
[0110/163109.725:ERROR:process_memory_win.cc(73)] ReadMemory at 0x1db0f2e7f10 of 132 bytes failed: Запрос ReadProcessMemory или WriteProcessMemory был выполнен только частично. (0x12B)
[0110/163109.725:ERROR:process_memory_win.cc(73)] ReadMemory at 0x1db0f2e8660 of 132 bytes failed: Запрос ReadProcessMemory или WriteProcessMemory был выполнен только частично. (0x12B)
[0110/163109.725:ERROR:process_memory_win.cc(73)] ReadMemory at 0x1db0f2ead10 of 132 bytes failed: Запрос ReadProcessMemory или WriteProcessMemory был выполнен только частично. (0x12B)
[0110/163109.725:ERROR:process_memory_win.cc(73)] ReadMemory at 0x1db0f2eb030 of 132 bytes failed: Запрос ReadProcessMemory или WriteProcessMemory был выполнен только частично. (0x12B)
[0110/163109.725:ERROR:process_memory_win.cc(73)] ReadMemory at 0x1db0f2eb250 of 132 bytes failed: Запрос ReadProcessMemory или WriteProcessMemory был выполнен только частично. (0x12B)
[0110/163109.726:ERROR:process_memory_win.cc(73)] ReadMemory at 0x1db0f2f0310 of 132 bytes failed: Запрос ReadProcessMemory или WriteProcessMemory был выполнен только частично. (0x12B)
[0110/163109.726:ERROR:process_memory_win.cc(73)] ReadMemory at 0x1db0f2f0440 of 132 bytes failed: Запрос ReadProcessMemory или WriteProcessMemory был выполнен только частично. (0x12B)
[0110/163109.726:ERROR:process_memory_win.cc(73)] ReadMemory at 0x1db0f2f0a30 of 132 bytes failed: Запрос ReadProcessMemory или WriteProcessMemory был выполнен только частично. (0x12B)
[0110/163109.726:ERROR:process_memory_win.cc(73)] ReadMemory at 0x1db0f303790 of 60 bytes failed: Запрос ReadProcessMemory или WriteProcessMemory был выполнен только частично. (0x12B)
[0110/163109.726:ERROR:process_memory_win.cc(73)] ReadMemory at 0x1db0f306280 of 512 bytes failed: Запрос ReadProcessMemory или WriteProcessMemory был выполнен только частично. (0x12B)
[0110/163109.922:ERROR:process_memory_win.cc(73)] ReadMemory at 0x1db0f33e020 of 512 bytes failed: Запрос ReadProcessMemory или WriteProcessMemory был выполнен только частично. (0x12B)
[0110/163109.923:ERROR:process_memory_win.cc(73)] ReadMemory at 0x1db0f34af90 of 512 bytes failed: Запрос ReadProcessMemory или WriteProcessMemory был выполнен только частично. (0x12B)
[0110/163109.923:ERROR:process_memory_win.cc(73)] ReadMemory at 0x1db0f368ac0 of 512 bytes failed: Запрос ReadProcessMemory или WriteProcessMemory был выполнен только частично. (0x12B)
[0110/163109.923:ERROR:process_memory_win.cc(73)] ReadMemory at 0x1db0f3a1d70 of 512 bytes failed: Запрос ReadProcessMemory или WriteProcessMemory был выполнен только частично. (0x12B)
[0110/163110.035:ERROR:process_memory_win.cc(73)] ReadMemory at 0x1db0f3aa020 of 712 bytes failed: Запрос ReadProcessMemory или WriteProcessMemory был выполнен только частично. (0x12B)
[0110/163110.035:ERROR:process_memory_win.cc(73)] ReadMemory at 0x1db0f4e0f40 of 896 bytes failed: Запрос ReadProcessMemory или WriteProcessMemory был выполнен только частично. (0x12B)
[0110/163110.035:ERROR:process_memory_win.cc(73)] ReadMemory at 0x1db10e2b4b0 of 512 bytes failed: Запрос ReadProcessMemory или WriteProcessMemory был выполнен только частично. (0x12B)
[0110/163110.035:ERROR:process_memory_win.cc(73)] ReadMemory at 0x1db10e48790 of 512 bytes failed: Запрос ReadProcessMemory или WriteProcessMemory был выполнен только частично. (0x12B)
[0110/163110.084:ERROR:process_memory_win.cc(73)] ReadMemory at 0x1db10ede348 of 592 bytes failed: Запрос ReadProcessMemory или WriteProcessMemory был выполнен только частично. (0x12B)
[0110/163110.084:ERROR:process_memory_win.cc(73)] ReadMemory at 0x1db10f07438 of 528 bytes failed: Запрос ReadProcessMemory или WriteProcessMemory был выполнен только частично. (0x12B)
[0110/163110.084:ERROR:process_memory_win.cc(73)] ReadMemory at 0x1db10f1c110 of 512 bytes failed: Запрос ReadProcessMemory или WriteProcessMemory был выполнен только частично. (0x12B)
[0110/163110.084:ERROR:process_memory_win.cc(73)] ReadMemory at 0x1db124707e0 of 512 bytes failed: Запрос ReadProcessMemory или WriteProcessMemory был выполнен только частично. (0x12B)
[0110/163110.084:ERROR:process_memory_win.cc(73)] ReadMemory at 0x1db12da88c0 of 512 bytes failed: Запрос ReadProcessMemory или WriteProcessMemory был выполнен только частично. (0x12B)
[0110/163110.084:ERROR:process_memory_win.cc(73)] ReadMemory at 0x1db13603b90 of 512 bytes failed: Запрос ReadProcessMemory или WriteProcessMemory был выполнен только частично. (0x12B)
[0110/163110.084:ERROR:process_memory_win.cc(73)] ReadMemory at 0x3c8c00000000 of 384 bytes failed: Запрос ReadProcessMemory или WriteProcessMemory был выполнен только частично. (0x12B)
[0110/163110.084:ERROR:process_memory_win.cc(73)] ReadMemory at 0x3c8c087cd1c1 of 512 bytes failed: Запрос ReadProcessMemory или WriteProcessMemory был выполнен только частично. (0x12B)
[0110/163110.084:ERROR:process_memory_win.cc(73)] ReadMemory at 0x3c8c09a59880 of 512 bytes failed: Запрос ReadProcessMemory или WriteProcessMemory был выполнен только частично. (0x12B)
[0110/163110.084:ERROR:process_memory_win.cc(73)] ReadMemory at 0x3c8c09a69880 of 512 bytes failed: Запрос ReadProcessMemory или WriteProcessMemory был выполнен только частично. (0x12B)
[0110/163110.084:ERROR:process_memory_win.cc(73)] ReadMemory at 0x3c8c09a7ff80 of 512 bytes failed: Запрос ReadProcessMemory или WriteProcessMemory был выполнен только частично. (0x12B)
[0110/163110.084:ERROR:process_memory_win.cc(73)] ReadMemory at 0x3c8c6a830925 of 523 bytes failed: Запрос ReadProcessMemory или WriteProcessMemory был выполнен только частично. (0x12B)
[0110/163110.084:ERROR:process_memory_win.cc(73)] ReadMemory at 0x3c8c6acb1ff4 of 513 bytes failed: Запрос ReadProcessMemory или WriteProcessMemory был выполнен только частично. (0x12B)
[0110/163110.085:ERROR:process_memory_win.cc(73)] ReadMemory at 0x3c8c853e1f58 of 513 bytes failed: Запрос ReadProcessMemory или WriteProcessMemory был выполнен только частично. (0x12B)
[0110/163110.085:ERROR:process_memory_win.cc(73)] ReadMemory at 0x3c8c853e21a1 of 519 bytes failed: Запрос ReadProcessMemory или WriteProcessMemory был выполнен только частично. (0x12B)
[0110/163110.085:ERROR:process_memory_win.cc(73)] ReadMemory at 0x44d10e42da70 of 512 bytes failed: Запрос ReadProcessMemory или WriteProcessMemory был выполнен только частично. (0x12B)
[0110/163110.085:ERROR:process_memory_win.cc(73)] ReadMemory at 0x5b62d3fe2cb0 of 512 bytes failed: Запрос ReadProcessMemory или WriteProcessMemory был выполнен только частично. (0x12B)
[0110/163110.085:ERROR:process_memory_win.cc(73)] ReadMemory at 0x78224aefc200 of 512 bytes failed: Запрос ReadProcessMemory или WriteProcessMemory был выполнен только частично. (0x12B)
[0110/163110.161:ERROR:scoped_process_suspend.cc(40)] NtResumeProcess: Попытка доступа к процессу, выполняющему процедуру завершения. (0xc000010a)
